<?xml version="1.0" encoding="UTF-8"?>
<testng-results skipped="0" failed="0" ignored="0" total="1" passed="1">
  <reporter-output>
  </reporter-output>
  <suite name="Default suite" duration-ms="25652" started-at="2019-03-28T09:40:57Z" finished-at="2019-03-28T09:41:23Z">
    <groups>
    </groups>
    <test name="Default test" duration-ms="25652" started-at="2019-03-28T09:40:57Z" finished-at="2019-03-28T09:41:23Z">
      <class name="com.org.pune.MavenSelenium.Facebook">
        <test-method status="PASS" signature="beforeTest()[pri:0, instance:com.org.pune.MavenSelenium.Facebook@1a3869f4]" name="beforeTest" is-config="true" duration-ms="18270" started-at="2019-03-28T09:40:57Z" finished-at="2019-03-28T09:41:15Z">
          <reporter-output>
          </reporter-output>
        </test-method> <!-- beforeTest -->
        <test-method status="PASS" signature="f()[pri:0, instance:com.org.pune.MavenSelenium.Facebook@1a3869f4]" name="f" duration-ms="6424" started-at="2019-03-28T09:41:15Z" finished-at="2019-03-28T09:41:22Z">
          <reporter-output>
          </reporter-output>
        </test-method> <!-- f -->
        <test-method status="PASS" signature="afterTest()[pri:0, instance:com.org.pune.MavenSelenium.Facebook@1a3869f4]" name="afterTest" is-config="true" duration-ms="918" started-at="2019-03-28T09:41:22Z" finished-at="2019-03-28T09:41:23Z">
          <reporter-output>
          </reporter-output>
        </test-method> <!-- afterTest -->
      </class> <!-- com.org.pune.MavenSelenium.Facebook -->
    </test> <!-- Default test -->
  </suite> <!-- Default suite -->
</testng-results>
