<?xml version="1.0" encoding="UTF-8"?>
<testng-results skipped="0" failed="0" ignored="0" total="1" passed="1">
  <reporter-output>
  </reporter-output>
  <suite name="Default suite" duration-ms="15869" started-at="2019-03-29T08:34:01Z" finished-at="2019-03-29T08:34:17Z">
    <groups>
    </groups>
    <test name="Default test" duration-ms="15869" started-at="2019-03-29T08:34:01Z" finished-at="2019-03-29T08:34:17Z">
      <class name="com.org.pune.MavenSelenium.Facebook">
        <test-method status="PASS" signature="beforeTest()[pri:0, instance:com.org.pune.MavenSelenium.Facebook@1a3869f4]" name="beforeTest" is-config="true" duration-ms="11559" started-at="2019-03-29T08:34:01Z" finished-at="2019-03-29T08:34:12Z">
          <reporter-output>
          </reporter-output>
        </test-method> <!-- beforeTest -->
        <test-method status="PASS" signature="f()[pri:0, instance:com.org.pune.MavenSelenium.Facebook@1a3869f4]" name="f" duration-ms="3083" started-at="2019-03-29T08:34:12Z" finished-at="2019-03-29T08:34:16Z">
          <reporter-output>
          </reporter-output>
        </test-method> <!-- f -->
        <test-method status="PASS" signature="afterTest()[pri:0, instance:com.org.pune.MavenSelenium.Facebook@1a3869f4]" name="afterTest" is-config="true" duration-ms="1196" started-at="2019-03-29T08:34:16Z" finished-at="2019-03-29T08:34:17Z">
          <reporter-output>
          </reporter-output>
        </test-method> <!-- afterTest -->
      </class> <!-- com.org.pune.MavenSelenium.Facebook -->
    </test> <!-- Default test -->
  </suite> <!-- Default suite -->
</testng-results>
